Normal window:  2:55AM UTC on Apr 23, 2023  3:05AM UTC on Apr 23, 2023
Request: GET http://localhost:8080/cards/69 - Response status code: 200
Request: PUT http://localhost:8080/cards/40 - Response status code: 200
Request: GET http://localhost:8080/cards/39 - Response status code: 200
Request: PUT http://localhost:8080/cards/8 - Response status code: 200
Request: DELETE http://localhost:8080/cards/29 - Response status code: 200
Request: PUT http://localhost:8080/cards/33 - Response status code: 200
Request: GET http://localhost:8080/cards/ - Response status code: 200
Request: PUT http://localhost:8080/cards/29 - Response status code: 200
Request: GET http://localhost:8080/cards/error?count=4&type=random - Response status code: 200
Request: DELETE http://localhost:8080/cards/69 - Response status code: 200
Request: GET http://localhost:8080/cards/ - Response status code: 200
Request: GET http://localhost:8080/cards/ - Response status code: 200
Request: GET http://localhost:8080/cards/ - Response status code: 200
Request: GET http://localhost:8080/cards/39 - Response status code: 200
Request: GET http://localhost:8080/cards/error?count=1&type=random - Response status code: 200
Request: GET http://localhost:8080/cards/error?count=5&type=random - Response status code: 200
Request: GET http://localhost:8080/cards/79 - Response status code: 200
Request: PUT http://localhost:8080/cards/35 - Response status code: 200
Request: GET http://localhost:8080/cards/error?count=4&type=random - Response status code: 200
Request: DELETE http://localhost:8080/cards/26 - Response status code: 200
Request: PUT http://localhost:8080/cards/46 - Response status code: 200
Request: GET http://localhost:8080/cards/error?count=1&type=random - Response status code: 200
Request: GET http://localhost:8080/cards/ - Response status code: 200
Request: GET http://localhost:8080/cards/ - Response status code: 200
Request: DELETE http://localhost:8080/cards/79 - Response status code: 200
Request: GET http://localhost:8080/cards/ - Response status code: 200
Request: GET http://localhost:8080/cards/error?count=5&type=random - Response status code: 200
Request: PUT http://localhost:8080/cards/6 - Response status code: 200
Request: GET http://localhost:8080/cards/89 - Response status code: 200
Request: POST http://localhost:8080/cards/ - Response status code: 200
Request: POST http://localhost:8080/cards/ - Response status code: 200
Request: POST http://localhost:8080/cards/ - Response status code: 200
Request: GET http://localhost:8080/cards/error?count=5&type=random - Response status code: 200
Request: GET http://localhost:8080/cards/ - Response status code: 200
Request: PUT http://localhost:8080/cards/80 - Response status code: 200
Request: PUT http://localhost:8080/cards/85 - Response status code: 200
Request: GET http://localhost:8080/cards/ - Response status code: 200
Request: PUT http://localhost:8080/cards/40 - Response status code: 200
Request: GET http://localhost:8080/cards/89 - Response status code: 200
Request: GET http://localhost:8080/cards/ - Response status code: 200
Request: GET http://localhost:8080/cards/ - Response status code: 200
Request: POST http://localhost:8080/cards/ - Response status code: 200
Request: PUT http://localhost:8080/cards/25 - Response status code: 200
Request: PUT http://localhost:8080/cards/63 - Response status code: 200
Request: POST http://localhost:8080/cards/ - Response status code: 200
Request: POST http://localhost:8080/cards/ - Response status code: 200
Request: GET http://localhost:8080/cards/100 - Response status code: 200
Request: GET http://localhost:8080/cards/error?count=5&type=random - Response status code: 200
Request: DELETE http://localhost:8080/cards/98 - Response status code: 200
Request: GET http://localhost:8080/cards/ - Response status code: 200
Request: POST http://localhost:8080/cards/ - Response status code: 200
Request: POST http://localhost:8080/cards/ - Response status code: 200
Request: GET http://localhost:8080/cards/error?count=1&type=random - Response status code: 200
Request: GET http://localhost:8080/cards/error?count=5&type=random - Response status code: 200
Request: GET http://localhost:8080/cards/ - Response status code: 200
Request: DELETE http://localhost:8080/cards/3 - Response status code: 200
Request: PUT http://localhost:8080/cards/56 - Response status code: 200
Request: PUT http://localhost:8080/cards/68 - Response status code: 200
Request: GET http://localhost:8080/cards/ - Response status code: 200
Request: DELETE http://localhost:8080/cards/78 - Response status code: 200
Request: POST http://localhost:8080/cards/ - Response status code: 200
Request: GET http://localhost:8080/cards/21 - Response status code: 200
Request: GET http://localhost:8080/cards/95 - Response status code: 200
Request: GET http://localhost:8080/cards/error?count=4&type=random - Response status code: 200
Request: GET http://localhost:8080/cards/ - Response status code: 200
Request: GET http://localhost:8080/cards/59 - Response status code: 200
Request: DELETE http://localhost:8080/cards/19 - Response status code: 200
Request: PUT http://localhost:8080/cards/29 - Response status code: 200
Request: GET http://localhost:8080/cards/65 - Response status code: 200
Request: POST http://localhost:8080/cards/ - Response status code: 200
Request: POST http://localhost:8080/cards/ - Response status code: 200
Request: GET http://localhost:8080/cards/45 - Response status code: 200
Request: GET http://localhost:8080/cards/ - Response status code: 200
Request: DELETE http://localhost:8080/cards/17 - Response status code: 200
Request: POST http://localhost:8080/cards/ - Response status code: 200
Request: PUT http://localhost:8080/cards/99 - Response status code: 200
Request: PUT http://localhost:8080/cards/6 - Response status code: 200
Request: PUT http://localhost:8080/cards/8 - Response status code: 200
Request: POST http://localhost:8080/cards/ - Response status code: 200
Request: GET http://localhost:8080/cards/ - Response status code: 200
Request: PUT http://localhost:8080/cards/4 - Response status code: 200
Request: GET http://localhost:8080/cards/26 - Response status code: 200
Request: PUT http://localhost:8080/cards/40 - Response status code: 200
Request: GET http://localhost:8080/cards/ - Response status code: 200
Request: DELETE http://localhost:8080/cards/82 - Response status code: 200
Request: GET http://localhost:8080/cards/ - Response status code: 200
Request: PUT http://localhost:8080/cards/82 - Response status code: 200
Request: GET http://localhost:8080/cards/ - Response status code: 200
Request: GET http://localhost:8080/cards/ - Response status code: 200
Request: POST http://localhost:8080/cards/ - Response status code: 200
Request: GET http://localhost:8080/cards/ - Response status code: 200
Request: POST http://localhost:8080/cards/ - Response status code: 200
Request: PUT http://localhost:8080/cards/31 - Response status code: 200
Request: PUT http://localhost:8080/cards/85 - Response status code: 200
Request: POST http://localhost:8080/cards/ - Response status code: 200
Request: GET http://localhost:8080/cards/56 - Response status code: 200
Request: DELETE http://localhost:8080/cards/21 - Response status code: 200
Request: GET http://localhost:8080/cards/error?count=2&type=random - Response status code: 200
Request: DELETE http://localhost:8080/cards/14 - Response status code: 200
Request: GET http://localhost:8080/cards/60 - Response status code: 200
Request: DELETE http://localhost:8080/cards/93 - Response status code: 200
Request: GET http://localhost:8080/cards/error?count=3&type=random - Response status code: 200
Request: POST http://localhost:8080/cards/ - Response status code: 200
Request: DELETE http://localhost:8080/cards/24 - Response status code: 200
Request: GET http://localhost:8080/cards/85 - Response status code: 200
Request: GET http://localhost:8080/cards/23 - Response status code: 200
Request: GET http://localhost:8080/cards/ - Response status code: 200
Request: GET http://localhost:8080/cards/48 - Response status code: 200
Request: GET http://localhost:8080/cards/error?count=4&type=random - Response status code: 200
Request: GET http://localhost:8080/cards/ - Response status code: 200
Request: GET http://localhost:8080/cards/25 - Response status code: 200
Request: GET http://localhost:8080/cards/89 - Response status code: 200
Request: GET http://localhost:8080/cards/ - Response status code: 200
Request: DELETE http://localhost:8080/cards/80 - Response status code: 200
Request: GET http://localhost:8080/cards/error?count=5&type=random - Response status code: 200
Request: PUT http://localhost:8080/cards/7 - Response status code: 200
Request: GET http://localhost:8080/cards/error?count=3&type=random - Response status code: 200
Request: GET http://localhost:8080/cards/ - Response status code: 200
Request: POST http://localhost:8080/cards/ - Response status code: 200
Request: DELETE http://localhost:8080/cards/91 - Response status code: 200
Request: GET http://localhost:8080/cards/error?count=2&type=random - Response status code: 200
Request: GET http://localhost:8080/cards/ - Response status code: 200
Request: PUT http://localhost:8080/cards/60 - Response status code: 200
Request: GET http://localhost:8080/cards/ - Response status code: 200
Request: POST http://localhost:8080/cards/ - Response status code: 200
Request: GET http://localhost:8080/cards/51 - Response status code: 200
Request: DELETE http://localhost:8080/cards/66 - Response status code: 200
Request: GET http://localhost:8080/cards/ - Response status code: 200
Request: POST http://localhost:8080/cards/ - Response status code: 200
Request: DELETE http://localhost:8080/cards/34 - Response status code: 200
Request: GET http://localhost:8080/cards/90 - Response status code: 200
Request: GET http://localhost:8080/cards/error?count=4&type=random - Response status code: 200
Request: POST http://localhost:8080/cards/ - Response status code: 200
Request: GET http://localhost:8080/cards/5 - Response status code: 200
Request: GET http://localhost:8080/cards/36 - Response status code: 200
Request: PUT http://localhost:8080/cards/75 - Response status code: 200
Request: PUT http://localhost:8080/cards/23 - Response status code: 200
Request: GET http://localhost:8080/cards/30 - Response status code: 200
Request: POST http://localhost:8080/cards/ - Response status code: 200
Request: PUT http://localhost:8080/cards/45 - Response status code: 200
Request: GET http://localhost:8080/cards/error?count=4&type=random - Response status code: 200
Request: DELETE http://localhost:8080/cards/69 - Response status code: 200
Request: GET http://localhost:8080/cards/22 - Response status code: 200
Request: GET http://localhost:8080/cards/29 - Response status code: 200
Request: GET http://localhost:8080/cards/87 - Response status code: 200
Request: PUT http://localhost:8080/cards/9 - Response status code: 200
Request: GET http://localhost:8080/cards/23 - Response status code: 200
Request: GET http://localhost:8080/cards/error?count=3&type=random - Response status code: 200
Request: DELETE http://localhost:8080/cards/74 - Response status code: 200
Request: POST http://localhost:8080/cards/ - Response status code: 200
Request: GET http://localhost:8080/cards/78 - Response status code: 200
Request: POST http://localhost:8080/cards/ - Response status code: 200
Request: DELETE http://localhost:8080/cards/15 - Response status code: 200
Request: GET http://localhost:8080/cards/error?count=3&type=random - Response status code: 200
Request: DELETE http://localhost:8080/cards/63 - Response status code: 200
Request: DELETE http://localhost:8080/cards/8 - Response status code: 200
Request: GET http://localhost:8080/cards/error?count=5&type=random - Response status code: 200
Request: POST http://localhost:8080/cards/ - Response status code: 200
Request: DELETE http://localhost:8080/cards/47 - Response status code: 200
Request: GET http://localhost:8080/cards/ - Response status code: 200
Request: GET http://localhost:8080/cards/31 - Response status code: 200
Request: GET http://localhost:8080/cards/error?count=5&type=random - Response status code: 200
Request: PUT http://localhost:8080/cards/7 - Response status code: 200
Request: PUT http://localhost:8080/cards/34 - Response status code: 200
Request: GET http://localhost:8080/cards/ - Response status code: 200
Request: GET http://localhost:8080/cards/8 - Response status code: 200
Request: POST http://localhost:8080/cards/ - Response status code: 200
Request: GET http://localhost:8080/cards/ - Response status code: 200
Request: GET http://localhost:8080/cards/ - Response status code: 200
Request: POST http://localhost:8080/cards/ - Response status code: 200
Request: GET http://localhost:8080/cards/error?count=2&type=random - Response status code: 200
Request: GET http://localhost:8080/cards/error?count=4&type=random - Response status code: 200
Request: GET http://localhost:8080/cards/ - Response status code: 200
Request: GET http://localhost:8080/cards/ - Response status code: 200
Request: POST http://localhost:8080/cards/ - Response status code: 200
Request: GET http://localhost:8080/cards/error?count=2&type=random - Response status code: 200
Request: PUT http://localhost:8080/cards/67 - Response status code: 200
Request: DELETE http://localhost:8080/cards/21 - Response status code: 200
Request: DELETE http://localhost:8080/cards/40 - Response status code: 200
Request: GET http://localhost:8080/cards/ - Response status code: 200
Request: DELETE http://localhost:8080/cards/86 - Response status code: 200
Request: GET http://localhost:8080/cards/ - Response status code: 200
Request: POST http://localhost:8080/cards/ - Response status code: 200
Request: GET http://localhost:8080/cards/15 - Response status code: 200
Request: DELETE http://localhost:8080/cards/61 - Response status code: 200
Request: GET http://localhost:8080/cards/ - Response status code: 200
Request: GET http://localhost:8080/cards/28 - Response status code: 200
Request: DELETE http://localhost:8080/cards/6 - Response status code: 200
Request: POST http://localhost:8080/cards/ - Response status code: 200
Request: PUT http://localhost:8080/cards/81 - Response status code: 200
Request: GET http://localhost:8080/cards/error?count=3&type=random - Response status code: 200
Request: PUT http://localhost:8080/cards/87 - Response status code: 200
Request: POST http://localhost:8080/cards/ - Response status code: 200
Request: DELETE http://localhost:8080/cards/96 - Response status code: 200
Request: GET http://localhost:8080/cards/error?count=5&type=random - Response status code: 200
Request: PUT http://localhost:8080/cards/34 - Response status code: 200
Request: GET http://localhost:8080/cards/69 - Response status code: 200
Request: POST http://localhost:8080/cards/ - Response status code: 200
Request: GET http://localhost:8080/cards/error?count=2&type=random - Response status code: 200
Request: GET http://localhost:8080/cards/91 - Response status code: 200
Request: GET http://localhost:8080/cards/36 - Response status code: 200
Request: PUT http://localhost:8080/cards/34 - Response status code: 200
Request: DELETE http://localhost:8080/cards/61 - Response status code: 200
Request: POST http://localhost:8080/cards/ - Response status code: 200
Request: GET http://localhost:8080/cards/error?count=2&type=random - Response status code: 200
Request: PUT http://localhost:8080/cards/91 - Response status code: 200
Request: GET http://localhost:8080/cards/ - Response status code: 200
Request: POST http://localhost:8080/cards/ - Response status code: 200
Request: DELETE http://localhost:8080/cards/27 - Response status code: 200
Request: GET http://localhost:8080/cards/error?count=1&type=random - Response status code: 200
Request: GET http://localhost:8080/cards/64 - Response status code: 200
Request: DELETE http://localhost:8080/cards/53 - Response status code: 200
Request: GET http://localhost:8080/cards/ - Response status code: 200
Request: POST http://localhost:8080/cards/ - Response status code: 200
Request: POST http://localhost:8080/cards/ - Response status code: 200
Request: POST http://localhost:8080/cards/ - Response status code: 200
Normal window:  3:00AM UTC on Apr 23, 2023  3:10AM UTC on Apr 23, 2023
Normal window:  3:02AM UTC on Apr 23, 2023  3:12AM UTC on Apr 23, 2023
Request: GET http://localhost:8080/cards/ - Response status code: 200
Request: GET http://localhost:8080/cards/3 - Response status code: 200
Request: DELETE http://localhost:8080/cards/14 - Response status code: 200
Request: POST http://localhost:8080/cards/ - Response status code: 200
Request: PUT http://localhost:8080/cards/96 - Response status code: 200
Request: GET http://localhost:8080/cards/error?count=4&type=random - Response status code: 200
Request: PUT http://localhost:8080/cards/33 - Response status code: 200
Request: PUT http://localhost:8080/cards/32 - Response status code: 200
Request: PUT http://localhost:8080/cards/63 - Response status code: 200
Request: DELETE http://localhost:8080/cards/13 - Response status code: 200
Request: GET http://localhost:8080/cards/ - Response status code: 200
Request: GET http://localhost:8080/cards/error?count=1&type=random - Response status code: 200
Request: POST http://localhost:8080/cards/ - Response status code: 200
Request: GET http://localhost:8080/cards/ - Response status code: 200
Request: GET http://localhost:8080/cards/ - Response status code: 200
Request: GET http://localhost:8080/cards/ - Response status code: 200
Request: POST http://localhost:8080/cards/ - Response status code: 200
Request: GET http://localhost:8080/cards/ - Response status code: 200
Request: GET http://localhost:8080/cards/ - Response status code: 200
Request: GET http://localhost:8080/cards/error?count=5&type=random - Response status code: 200
Request: POST http://localhost:8080/cards/ - Response status code: 200
Request: GET http://localhost:8080/cards/40 - Response status code: 200
Request: POST http://localhost:8080/cards/ - Response status code: 200
Request: DELETE http://localhost:8080/cards/77 - Response status code: 200
Request: GET http://localhost:8080/cards/error?count=1&type=random - Response status code: 200
Request: GET http://localhost:8080/cards/11 - Response status code: 200
Request: GET http://localhost:8080/cards/error?count=1&type=random - Response status code: 200
Request: PUT http://localhost:8080/cards/50 - Response status code: 200
Request: GET http://localhost:8080/cards/80 - Response status code: 200
Request: GET http://localhost:8080/cards/error?count=2&type=random - Response status code: 200
Request: DELETE http://localhost:8080/cards/23 - Response status code: 200
Request: GET http://localhost:8080/cards/ - Response status code: 200
Request: GET http://localhost:8080/cards/40 - Response status code: 200
Request: GET http://localhost:8080/cards/ - Response status code: 200
Request: GET http://localhost:8080/cards/ - Response status code: 200
Request: GET http://localhost:8080/cards/35 - Response status code: 200
Request: PUT http://localhost:8080/cards/52 - Response status code: 200
Request: GET http://localhost:8080/cards/ - Response status code: 200
Request: PUT http://localhost:8080/cards/7 - Response status code: 200
Request: GET http://localhost:8080/cards/ - Response status code: 200
Request: GET http://localhost:8080/cards/35 - Response status code: 200
Request: GET http://localhost:8080/cards/ - Response status code: 200
Request: GET http://localhost:8080/cards/ - Response status code: 200
Request: GET http://localhost:8080/cards/ - Response status code: 200
Request: GET http://localhost:8080/cards/error?count=2&type=random - Response status code: 200
Request: GET http://localhost:8080/cards/92 - Response status code: 200
Request: GET http://localhost:8080/cards/ - Response status code: 200
Request: DELETE http://localhost:8080/cards/19 - Response status code: 200
Request: GET http://localhost:8080/cards/error?count=4&type=random - Response status code: 200
Request: GET http://localhost:8080/cards/error?count=5&type=random - Response status code: 200
Request: POST http://localhost:8080/cards/ - Response status code: 200
Request: GET http://localhost:8080/cards/54 - Response status code: 200
Request: PUT http://localhost:8080/cards/5 - Response status code: 200
Request: POST http://localhost:8080/cards/ - Response status code: 200
Request: GET http://localhost:8080/cards/error?count=1&type=random - Response status code: 200
Request: POST http://localhost:8080/cards/ - Response status code: 200
Request: GET http://localhost:8080/cards/50 - Response status code: 200
Request: PUT http://localhost:8080/cards/39 - Response status code: 200
Request: GET http://localhost:8080/cards/ - Response status code: 200
Request: GET http://localhost:8080/cards/ - Response status code: 200
Request: POST http://localhost:8080/cards/ - Response status code: 200
Request: GET http://localhost:8080/cards/ - Response status code: 200
Request: PUT http://localhost:8080/cards/43 - Response status code: 200
Request: POST http://localhost:8080/cards/ - Response status code: 200
Request: PUT http://localhost:8080/cards/8 - Response status code: 200
Request: GET http://localhost:8080/cards/ - Response status code: 200
Request: DELETE http://localhost:8080/cards/43 - Response status code: 200
Request: DELETE http://localhost:8080/cards/11 - Response status code: 200
Request: GET http://localhost:8080/cards/ - Response status code: 200
Request: POST http://localhost:8080/cards/ - Response status code: 200
Request: POST http://localhost:8080/cards/ - Response status code: 200
Request: GET http://localhost:8080/cards/3 - Response status code: 200
Request: DELETE http://localhost:8080/cards/43 - Response status code: 200
Request: DELETE http://localhost:8080/cards/53 - Response status code: 200
Request: GET http://localhost:8080/cards/ - Response status code: 200
Request: GET http://localhost:8080/cards/ - Response status code: 200
Request: GET http://localhost:8080/cards/ - Response status code: 200
Request: PUT http://localhost:8080/cards/17 - Response status code: 200
Request: GET http://localhost:8080/cards/ - Response status code: 200
Request: POST http://localhost:8080/cards/ - Response status code: 200
Request: PUT http://localhost:8080/cards/60 - Response status code: 200
Request: DELETE http://localhost:8080/cards/97 - Response status code: 200
Request: POST http://localhost:8080/cards/ - Response status code: 200
Request: POST http://localhost:8080/cards/ - Response status code: 200
Request: DELETE http://localhost:8080/cards/96 - Response status code: 200
Request: PUT http://localhost:8080/cards/63 - Response status code: 200
Request: PUT http://localhost:8080/cards/47 - Response status code: 200
Request: GET http://localhost:8080/cards/15 - Response status code: 200
Request: DELETE http://localhost:8080/cards/69 - Response status code: 200
Request: GET http://localhost:8080/cards/22 - Response status code: 200
Request: PUT http://localhost:8080/cards/19 - Response status code: 200
Request: POST http://localhost:8080/cards/ - Response status code: 200
Request: PUT http://localhost:8080/cards/77 - Response status code: 200
Request: DELETE http://localhost:8080/cards/5 - Response status code: 200
Request: GET http://localhost:8080/cards/ - Response status code: 200
Request: POST http://localhost:8080/cards/ - Response status code: 200
Request: PUT http://localhost:8080/cards/4 - Response status code: 200
Request: GET http://localhost:8080/cards/ - Response status code: 200
Request: PUT http://localhost:8080/cards/61 - Response status code: 200
Request: DELETE http://localhost:8080/cards/42 - Response status code: 200
Request: POST http://localhost:8080/cards/ - Response status code: 200
Request: DELETE http://localhost:8080/cards/78 - Response status code: 200
Request: GET http://localhost:8080/cards/ - Response status code: 200
Request: DELETE http://localhost:8080/cards/95 - Response status code: 200
Request: PUT http://localhost:8080/cards/13 - Response status code: 200
Request: DELETE http://localhost:8080/cards/38 - Response status code: 200
Request: GET http://localhost:8080/cards/60 - Response status code: 200
Request: PUT http://localhost:8080/cards/21 - Response status code: 200
Request: DELETE http://localhost:8080/cards/47 - Response status code: 200
Request: DELETE http://localhost:8080/cards/33 - Response status code: 200
Request: GET http://localhost:8080/cards/error?count=5&type=random - Response status code: 200
Request: GET http://localhost:8080/cards/56 - Response status code: 200
Request: POST http://localhost:8080/cards/ - Response status code: 200
Request: PUT http://localhost:8080/cards/70 - Response status code: 200
Request: GET http://localhost:8080/cards/ - Response status code: 200
Request: DELETE http://localhost:8080/cards/25 - Response status code: 200
Request: DELETE http://localhost:8080/cards/77 - Response status code: 200
Request: DELETE http://localhost:8080/cards/3 - Response status code: 200
Request: DELETE http://localhost:8080/cards/84 - Response status code: 200
Request: GET http://localhost:8080/cards/error?count=4&type=random - Response status code: 200
Request: GET http://localhost:8080/cards/ - Response status code: 200
Request: POST http://localhost:8080/cards/ - Response status code: 200
Request: GET http://localhost:8080/cards/68 - Response status code: 200
Request: GET http://localhost:8080/cards/4 - Response status code: 200
Request: DELETE http://localhost:8080/cards/68 - Response status code: 200
Request: DELETE http://localhost:8080/cards/93 - Response status code: 200
Request: PUT http://localhost:8080/cards/77 - Response status code: 200
Request: GET http://localhost:8080/cards/ - Response status code: 200
Request: PUT http://localhost:8080/cards/69 - Response status code: 200
Request: GET http://localhost:8080/cards/83 - Response status code: 200
Request: PUT http://localhost:8080/cards/87 - Response status code: 200
Request: GET http://localhost:8080/cards/96 - Response status code: 200
Request: DELETE http://localhost:8080/cards/5 - Response status code: 200
Request: PUT http://localhost:8080/cards/75 - Response status code: 200
Request: GET http://localhost:8080/cards/52 - Response status code: 200
Request: PUT http://localhost:8080/cards/84 - Response status code: 200
Request: GET http://localhost:8080/cards/ - Response status code: 200
Request: GET http://localhost:8080/cards/ - Response status code: 200
Request: PUT http://localhost:8080/cards/11 - Response status code: 200
Request: DELETE http://localhost:8080/cards/45 - Response status code: 200
Request: GET http://localhost:8080/cards/error?count=5&type=random - Response status code: 200
Request: DELETE http://localhost:8080/cards/27 - Response status code: 200
Request: GET http://localhost:8080/cards/ - Response status code: 200
Request: GET http://localhost:8080/cards/ - Response status code: 200
Request: PUT http://localhost:8080/cards/62 - Response status code: 200
Request: GET http://localhost:8080/cards/ - Response status code: 200
Request: GET http://localhost:8080/cards/error?count=3&type=random - Response status code: 200
Request: DELETE http://localhost:8080/cards/11 - Response status code: 200
Request: GET http://localhost:8080/cards/58 - Response status code: 200
Request: GET http://localhost:8080/cards/63 - Response status code: 200
Request: POST http://localhost:8080/cards/ - Response status code: 200
Request: GET http://localhost:8080/cards/17 - Response status code: 200
Request: GET http://localhost:8080/cards/ - Response status code: 200
Request: DELETE http://localhost:8080/cards/52 - Response status code: 200
Request: PUT http://localhost:8080/cards/33 - Response status code: 200
Request: PUT http://localhost:8080/cards/10 - Response status code: 200
Request: PUT http://localhost:8080/cards/9 - Response status code: 200
Request: DELETE http://localhost:8080/cards/30 - Response status code: 200
Request: GET http://localhost:8080/cards/ - Response status code: 200
Request: POST http://localhost:8080/cards/ - Response status code: 200
Request: GET http://localhost:8080/cards/ - Response status code: 200
Request: PUT http://localhost:8080/cards/48 - Response status code: 200
Request: DELETE http://localhost:8080/cards/30 - Response status code: 200
Request: POST http://localhost:8080/cards/ - Response status code: 200
Request: POST http://localhost:8080/cards/ - Response status code: 200
Request: POST http://localhost:8080/cards/ - Response status code: 200
Request: POST http://localhost:8080/cards/ - Response status code: 200
Request: GET http://localhost:8080/cards/ - Response status code: 200
Request: GET http://localhost:8080/cards/ - Response status code: 200
Request: GET http://localhost:8080/cards/ - Response status code: 200
Request: DELETE http://localhost:8080/cards/29 - Response status code: 200
Request: POST http://localhost:8080/cards/ - Response status code: 200
Request: GET http://localhost:8080/cards/error?count=1&type=random - Response status code: 200
Request: GET http://localhost:8080/cards/97 - Response status code: 200
Request: DELETE http://localhost:8080/cards/27 - Response status code: 200
Request: GET http://localhost:8080/cards/ - Response status code: 200
Request: POST http://localhost:8080/cards/ - Response status code: 200
Request: DELETE http://localhost:8080/cards/17 - Response status code: 200
Request: GET http://localhost:8080/cards/error?count=2&type=random - Response status code: 200
Request: GET http://localhost:8080/cards/ - Response status code: 200
Request: GET http://localhost:8080/cards/ - Response status code: 200
Request: PUT http://localhost:8080/cards/57 - Response status code: 200
Request: DELETE http://localhost:8080/cards/96 - Response status code: 200
Request: PUT http://localhost:8080/cards/84 - Response status code: 200
Request: PUT http://localhost:8080/cards/83 - Response status code: 200
Request: GET http://localhost:8080/cards/ - Response status code: 200
Request: GET http://localhost:8080/cards/ - Response status code: 200
Request: GET http://localhost:8080/cards/91 - Response status code: 200
Request: PUT http://localhost:8080/cards/88 - Response status code: 200
Request: GET http://localhost:8080/cards/ - Response status code: 200
Request: DELETE http://localhost:8080/cards/69 - Response status code: 200
Request: PUT http://localhost:8080/cards/4 - Response status code: 200
Request: PUT http://localhost:8080/cards/70 - Response status code: 200
Request: GET http://localhost:8080/cards/50 - Response status code: 200
Request: POST http://localhost:8080/cards/ - Response status code: 200
Request: POST http://localhost:8080/cards/ - Response status code: 200
Request: DELETE http://localhost:8080/cards/77 - Response status code: 200
Request: DELETE http://localhost:8080/cards/95 - Response status code: 200
Request: DELETE http://localhost:8080/cards/65 - Response status code: 200
Request: PUT http://localhost:8080/cards/41 - Response status code: 200
Request: GET http://localhost:8080/cards/ - Response status code: 200
Request: POST http://localhost:8080/cards/ - Response status code: 200
Request: GET http://localhost:8080/cards/46 - Response status code: 200
Request: GET http://localhost:8080/cards/error?count=2&type=random - Response status code: 200
Request: GET http://localhost:8080/cards/95 - Response status code: 200
Request: POST http://localhost:8080/cards/ - Response status code: 200
Request: GET http://localhost:8080/cards/error?count=4&type=random - Response status code: 200
Request: GET http://localhost:8080/cards/error?count=5&type=random - Response status code: 200
Request: GET http://localhost:8080/cards/error?count=4&type=random - Response status code: 200
Request: DELETE http://localhost:8080/cards/8 - Response status code: 200
Request: POST http://localhost:8080/cards/ - Response status code: 200
Request: DELETE http://localhost:8080/cards/87 - Response status code: 200
Request: GET http://localhost:8080/cards/ - Response status code: 200
Request: GET http://localhost:8080/cards/66 - Response status code: 200
Request: GET http://localhost:8080/cards/error?count=1&type=random - Response status code: 200
Request: PUT http://localhost:8080/cards/62 - Response status code: 200
Request: POST http://localhost:8080/cards/ - Response status code: 200
Request: GET http://localhost:8080/cards/ - Response status code: 200
Request: PUT http://localhost:8080/cards/59 - Response status code: 200
Request: PUT http://localhost:8080/cards/78 - Response status code: 200
Request: PUT http://localhost:8080/cards/29 - Response status code: 200
Request: PUT http://localhost:8080/cards/67 - Response status code: 200
Request: GET http://localhost:8080/cards/ - Response status code: 200
Request: PUT http://localhost:8080/cards/53 - Response status code: 200
Request: DELETE http://localhost:8080/cards/98 - Response status code: 200
Request: GET http://localhost:8080/cards/ - Response status code: 200
Request: PUT http://localhost:8080/cards/30 - Response status code: 200
Request: POST http://localhost:8080/cards/ - Response status code: 200
Request: PUT http://localhost:8080/cards/87 - Response status code: 200
Request: GET http://localhost:8080/cards/97 - Response status code: 200
Request: GET http://localhost:8080/cards/ - Response status code: 200
Request: GET http://localhost:8080/cards/43 - Response status code: 200
Request: POST http://localhost:8080/cards/ - Response status code: 200
Request: POST http://localhost:8080/cards/ - Response status code: 200
Request: POST http://localhost:8080/cards/ - Response status code: 200
Request: GET http://localhost:8080/cards/error?count=2&type=random - Response status code: 200
Request: DELETE http://localhost:8080/cards/64 - Response status code: 200
Request: GET http://localhost:8080/cards/error?count=1&type=random - Response status code: 200
Request: GET http://localhost:8080/cards/ - Response status code: 200
Request: GET http://localhost:8080/cards/ - Response status code: 200
Request: PUT http://localhost:8080/cards/10 - Response status code: 200
Request: GET http://localhost:8080/cards/ - Response status code: 200
Request: GET http://localhost:8080/cards/ - Response status code: 200
Request: POST http://localhost:8080/cards/ - Response status code: 200
Request: DELETE http://localhost:8080/cards/12 - Response status code: 200
Request: GET http://localhost:8080/cards/58 - Response status code: 200
Request: GET http://localhost:8080/cards/ - Response status code: 200
Request: GET http://localhost:8080/cards/100 - Response status code: 200
Request: PUT http://localhost:8080/cards/6 - Response status code: 200
Request: DELETE http://localhost:8080/cards/62 - Response status code: 200
Request: POST http://localhost:8080/cards/ - Response status code: 200
Request: PUT http://localhost:8080/cards/46 - Response status code: 200
Request: PUT http://localhost:8080/cards/81 - Response status code: 200
Request: DELETE http://localhost:8080/cards/40 - Response status code: 200
Request: GET http://localhost:8080/cards/ - Response status code: 200
Request: GET http://localhost:8080/cards/70 - Response status code: 200
Request: GET http://localhost:8080/cards/49 - Response status code: 200
Request: POST http://localhost:8080/cards/ - Response status code: 200
Request: DELETE http://localhost:8080/cards/12 - Response status code: 200
Request: POST http://localhost:8080/cards/ - Response status code: 200
Request: GET http://localhost:8080/cards/ - Response status code: 200
Request: GET http://localhost:8080/cards/56 - Response status code: 200
Request: POST http://localhost:8080/cards/ - Response status code: 200
Request: GET http://localhost:8080/cards/ - Response status code: 200
Request: DELETE http://localhost:8080/cards/92 - Response status code: 200
Request: POST http://localhost:8080/cards/ - Response status code: 200
Request: GET http://localhost:8080/cards/error?count=4&type=random - Response status code: 200
Request: GET http://localhost:8080/cards/ - Response status code: 200
Request: POST http://localhost:8080/cards/ - Response status code: 200
Request: DELETE http://localhost:8080/cards/55 - Response status code: 200
Request: GET http://localhost:8080/cards/69 - Response status code: 200
Request: GET http://localhost:8080/cards/ - Response status code: 200
Request: DELETE http://localhost:8080/cards/88 - Response status code: 200
Request: GET http://localhost:8080/cards/16 - Response status code: 200
Request: DELETE http://localhost:8080/cards/84 - Response status code: 200
Request: GET http://localhost:8080/cards/90 - Response status code: 200
Request: DELETE http://localhost:8080/cards/84 - Response status code: 200
Request: DELETE http://localhost:8080/cards/79 - Response status code: 200
Request: GET http://localhost:8080/cards/error?count=5&type=random - Response status code: 200
Request: POST http://localhost:8080/cards/ - Response status code: 200
Request: PUT http://localhost:8080/cards/100 - Response status code: 200
Request: GET http://localhost:8080/cards/ - Response status code: 200
Request: GET http://localhost:8080/cards/error?count=1&type=random - Response status code: 200
Request: GET http://localhost:8080/cards/12 - Response status code: 200
Request: DELETE http://localhost:8080/cards/39 - Response status code: 200
Request: GET http://localhost:8080/cards/error?count=5&type=random - Response status code: 200
Request: GET http://localhost:8080/cards/error?count=4&type=random - Response status code: 200
Request: POST http://localhost:8080/cards/ - Response status code: 200
Request: GET http://localhost:8080/cards/ - Response status code: 200
Request: GET http://localhost:8080/cards/ - Response status code: 200
Request: DELETE http://localhost:8080/cards/45 - Response status code: 200
Request: DELETE http://localhost:8080/cards/9 - Response status code: 200
Request: GET http://localhost:8080/cards/ - Response status code: 200
Request: GET http://localhost:8080/cards/ - Response status code: 200
Request: PUT http://localhost:8080/cards/67 - Response status code: 200
Request: PUT http://localhost:8080/cards/73 - Response status code: 200
Request: POST http://localhost:8080/cards/ - Response status code: 200
Request: PUT http://localhost:8080/cards/29 - Response status code: 200
Request: POST http://localhost:8080/cards/ - Response status code: 200
Request: GET http://localhost:8080/cards/31 - Response status code: 200
Request: GET http://localhost:8080/cards/error?count=1&type=random - Response status code: 200
Request: GET http://localhost:8080/cards/2 - Response status code: 200
Request: DELETE http://localhost:8080/cards/100 - Response status code: 200
Request: GET http://localhost:8080/cards/error?count=3&type=random - Response status code: 200
Request: GET http://localhost:8080/cards/error?count=1&type=random - Response status code: 200
Request: POST http://localhost:8080/cards/ - Response status code: 200
Request: PUT http://localhost:8080/cards/75 - Response status code: 200
Request: PUT http://localhost:8080/cards/54 - Response status code: 200
Request: GET http://localhost:8080/cards/error?count=2&type=random - Response status code: 200
Request: GET http://localhost:8080/cards/ - Response status code: 200
Request: GET http://localhost:8080/cards/ - Response status code: 200
Request: GET http://localhost:8080/cards/error?count=2&type=random - Response status code: 200
Request: PUT http://localhost:8080/cards/81 - Response status code: 200
Request: GET http://localhost:8080/cards/79 - Response status code: 200
Request: GET http://localhost:8080/cards/50 - Response status code: 200
Request: PUT http://localhost:8080/cards/91 - Response status code: 200
Request: GET http://localhost:8080/cards/error?count=1&type=random - Response status code: 200
Request: PUT http://localhost:8080/cards/31 - Response status code: 200
Request: DELETE http://localhost:8080/cards/77 - Response status code: 200
Request: GET http://localhost:8080/cards/ - Response status code: 200
Request: GET http://localhost:8080/cards/10 - Response status code: 200
Request: GET http://localhost:8080/cards/ - Response status code: 200
Request: GET http://localhost:8080/cards/error?count=1&type=random - Response status code: 200
Request: PUT http://localhost:8080/cards/88 - Response status code: 200
Request: GET http://localhost:8080/cards/82 - Response status code: 200
Request: PUT http://localhost:8080/cards/51 - Response status code: 200
Request: POST http://localhost:8080/cards/ - Response status code: 200
Request: GET http://localhost:8080/cards/30 - Response status code: 200
Request: POST http://localhost:8080/cards/ - Response status code: 200
Request: GET http://localhost:8080/cards/10 - Response status code: 200
Request: GET http://localhost:8080/cards/88 - Response status code: 200
Request: DELETE http://localhost:8080/cards/1 - Response status code: 200
Request: GET http://localhost:8080/cards/ - Response status code: 200
Request: GET http://localhost:8080/cards/error?count=5&type=random - Response status code: 200
Request: POST http://localhost:8080/cards/ - Response status code: 200
Request: PUT http://localhost:8080/cards/89 - Response status code: 200
Request: DELETE http://localhost:8080/cards/11 - Response status code: 200
Request: GET http://localhost:8080/cards/ - Response status code: 200
Request: DELETE http://localhost:8080/cards/39 - Response status code: 200
Request: PUT http://localhost:8080/cards/73 - Response status code: 200
Request: DELETE http://localhost:8080/cards/57 - Response status code: 200
Request: DELETE http://localhost:8080/cards/70 - Response status code: 200
Request: GET http://localhost:8080/cards/error?count=3&type=random - Response status code: 200
Request: POST http://localhost:8080/cards/ - Response status code: 200
Request: GET http://localhost:8080/cards/ - Response status code: 200
Request: DELETE http://localhost:8080/cards/12 - Response status code: 200
Request: DELETE http://localhost:8080/cards/94 - Response status code: 200
Request: PUT http://localhost:8080/cards/23 - Response status code: 200
Request: GET http://localhost:8080/cards/error?count=1&type=random - Response status code: 200
Request: GET http://localhost:8080/cards/error?count=1&type=random - Response status code: 200
Request: PUT http://localhost:8080/cards/41 - Response status code: 200
Request: DELETE http://localhost:8080/cards/19 - Response status code: 200
Request: DELETE http://localhost:8080/cards/90 - Response status code: 200
Request: GET http://localhost:8080/cards/error?count=1&type=random - Response status code: 200
Request: PUT http://localhost:8080/cards/41 - Response status code: 200
Request: DELETE http://localhost:8080/cards/8 - Response status code: 200
Request: GET http://localhost:8080/cards/31 - Response status code: 200
Request: POST http://localhost:8080/cards/ - Response status code: 200
Request: PUT http://localhost:8080/cards/46 - Response status code: 200
Request: GET http://localhost:8080/cards/error?count=4&type=random - Response status code: 200
Request: DELETE http://localhost:8080/cards/26 - Response status code: 200
Request: GET http://localhost:8080/cards/error?count=1&type=random - Response status code: 200
Request: POST http://localhost:8080/cards/ - Response status code: 200
Request: PUT http://localhost:8080/cards/74 - Response status code: 200
Request: POST http://localhost:8080/cards/ - Response status code: 200
Request: POST http://localhost:8080/cards/ - Response status code: 200
Request: GET http://localhost:8080/cards/31 - Response status code: 200
Request: DELETE http://localhost:8080/cards/78 - Response status code: 200
Request: DELETE http://localhost:8080/cards/44 - Response status code: 200
Request: GET http://localhost:8080/cards/ - Response status code: 200
Request: GET http://localhost:8080/cards/24 - Response status code: 200
Request: GET http://localhost:8080/cards/error?count=1&type=random - Response status code: 200
Request: GET http://localhost:8080/cards/error?count=1&type=random - Response status code: 200
Request: GET http://localhost:8080/cards/ - Response status code: 200
Request: GET http://localhost:8080/cards/79 - Response status code: 200
Request: GET http://localhost:8080/cards/ - Response status code: 200
Request: POST http://localhost:8080/cards/ - Response status code: 200
Request: POST http://localhost:8080/cards/ - Response status code: 200
Request: GET http://localhost:8080/cards/ - Response status code: 200
Request: GET http://localhost:8080/cards/ - Response status code: 200
Request: GET http://localhost:8080/cards/ - Response status code: 200
Request: DELETE http://localhost:8080/cards/76 - Response status code: 200
Request: GET http://localhost:8080/cards/ - Response status code: 200
Request: GET http://localhost:8080/cards/65 - Response status code: 200
Request: POST http://localhost:8080/cards/ - Response status code: 200
Request: PUT http://localhost:8080/cards/31 - Response status code: 200
Request: POST http://localhost:8080/cards/ - Response status code: 200
Request: GET http://localhost:8080/cards/error?count=4&type=random - Response status code: 200
Request: PUT http://localhost:8080/cards/63 - Response status code: 200
Request: GET http://localhost:8080/cards/error?count=3&type=random - Response status code: 200
Request: GET http://localhost:8080/cards/error?count=2&type=random - Response status code: 200
Request: PUT http://localhost:8080/cards/95 - Response status code: 200
Request: POST http://localhost:8080/cards/ - Response status code: 200
Request: POST http://localhost:8080/cards/ - Response status code: 200
Request: GET http://localhost:8080/cards/11 - Response status code: 200
Request: GET http://localhost:8080/cards/ - Response status code: 200
Request: DELETE http://localhost:8080/cards/96 - Response status code: 200
Request: DELETE http://localhost:8080/cards/77 - Response status code: 200
Request: DELETE http://localhost:8080/cards/80 - Response status code: 200
Request: POST http://localhost:8080/cards/ - Response status code: 200
Request: GET http://localhost:8080/cards/49 - Response status code: 200
Request: GET http://localhost:8080/cards/error?count=3&type=random - Response status code: 200
Request: GET http://localhost:8080/cards/ - Response status code: 200
Request: DELETE http://localhost:8080/cards/64 - Response status code: 200
Request: PUT http://localhost:8080/cards/95 - Response status code: 200
Request: GET http://localhost:8080/cards/62 - Response status code: 200
Request: GET http://localhost:8080/cards/ - Response status code: 200
Request: PUT http://localhost:8080/cards/27 - Response status code: 200
Request: DELETE http://localhost:8080/cards/94 - Response status code: 200
Request: POST http://localhost:8080/cards/ - Response status code: 200
Request: GET http://localhost:8080/cards/93 - Response status code: 200
Request: GET http://localhost:8080/cards/ - Response status code: 200
Request: POST http://localhost:8080/cards/ - Response status code: 200
Request: POST http://localhost:8080/cards/ - Response status code: 200
Request: GET http://localhost:8080/cards/33 - Response status code: 200
Request: GET http://localhost:8080/cards/ - Response status code: 200
Request: GET http://localhost:8080/cards/error?count=4&type=random - Response status code: 200
Request: POST http://localhost:8080/cards/ - Response status code: 200
Request: POST http://localhost:8080/cards/ - Response status code: 200
Request: DELETE http://localhost:8080/cards/77 - Response status code: 200
Request: PUT http://localhost:8080/cards/84 - Response status code: 200
Request: GET http://localhost:8080/cards/59 - Response status code: 200
Request: GET http://localhost:8080/cards/ - Response status code: 200
Request: PUT http://localhost:8080/cards/40 - Response status code: 200
Request: GET http://localhost:8080/cards/26 - Response status code: 200
Request: GET http://localhost:8080/cards/65 - Response status code: 200
Request: POST http://localhost:8080/cards/ - Response status code: 200
Request: POST http://localhost:8080/cards/ - Response status code: 200
Request: GET http://localhost:8080/cards/error?count=2&type=random - Response status code: 200
Request: PUT http://localhost:8080/cards/88 - Response status code: 200
Request: DELETE http://localhost:8080/cards/64 - Response status code: 200
Request: DELETE http://localhost:8080/cards/82 - Response status code: 200
Request: GET http://localhost:8080/cards/error?count=3&type=random - Response status code: 200
Request: DELETE http://localhost:8080/cards/10 - Response status code: 200
Request: GET http://localhost:8080/cards/error?count=4&type=random - Response status code: 200
Request: GET http://localhost:8080/cards/ - Response status code: 200
Request: GET http://localhost:8080/cards/44 - Response status code: 200
Request: POST http://localhost:8080/cards/ - Response status code: 200
Request: POST http://localhost:8080/cards/ - Response status code: 200
Request: GET http://localhost:8080/cards/31 - Response status code: 200
Request: GET http://localhost:8080/cards/ - Response status code: 200
Request: DELETE http://localhost:8080/cards/48 - Response status code: 200
Request: GET http://localhost:8080/cards/51 - Response status code: 200
Request: GET http://localhost:8080/cards/51 - Response status code: 200
Request: POST http://localhost:8080/cards/ - Response status code: 200
Request: GET http://localhost:8080/cards/80 - Response status code: 200
Request: GET http://localhost:8080/cards/ - Response status code: 200
Request: GET http://localhost:8080/cards/ - Response status code: 200
Request: DELETE http://localhost:8080/cards/85 - Response status code: 200
Request: POST http://localhost:8080/cards/ - Response status code: 200
Request: PUT http://localhost:8080/cards/39 - Response status code: 200
Request: PUT http://localhost:8080/cards/1 - Response status code: 200
Request: GET http://localhost:8080/cards/48 - Response status code: 200
Request: PUT http://localhost:8080/cards/4 - Response status code: 200
Request: PUT http://localhost:8080/cards/55 - Response status code: 200
Request: GET http://localhost:8080/cards/ - Response status code: 200
Request: GET http://localhost:8080/cards/error?count=3&type=random - Response status code: 200
Request: GET http://localhost:8080/cards/ - Response status code: 200
Request: GET http://localhost:8080/cards/ - Response status code: 200
Request: PUT http://localhost:8080/cards/49 - Response status code: 200
Request: DELETE http://localhost:8080/cards/21 - Response status code: 200
Request: GET http://localhost:8080/cards/ - Response status code: 200
Request: GET http://localhost:8080/cards/8 - Response status code: 200
Request: PUT http://localhost:8080/cards/64 - Response status code: 200
Request: GET http://localhost:8080/cards/error?count=2&type=random - Response status code: 200
Request: POST http://localhost:8080/cards/ - Response status code: 200
Request: GET http://localhost:8080/cards/error?count=5&type=random - Response status code: 200
Request: GET http://localhost:8080/cards/14 - Response status code: 200
Request: GET http://localhost:8080/cards/47 - Response status code: 200
Request: POST http://localhost:8080/cards/ - Response status code: 200
Request: GET http://localhost:8080/cards/error?count=3&type=random - Response status code: 200
Request: PUT http://localhost:8080/cards/70 - Response status code: 200
Request: POST http://localhost:8080/cards/ - Response status code: 200
Request: PUT http://localhost:8080/cards/32 - Response status code: 200
Request: DELETE http://localhost:8080/cards/69 - Response status code: 200
Request: GET http://localhost:8080/cards/62 - Response status code: 200
Request: POST http://localhost:8080/cards/ - Response status code: 200
Request: DELETE http://localhost:8080/cards/16 - Response status code: 200
Request: GET http://localhost:8080/cards/ - Response status code: 200
Request: GET http://localhost:8080/cards/9 - Response status code: 200
Request: GET http://localhost:8080/cards/error?count=4&type=random - Response status code: 200
Finished executing normal window for 10 minutes.
Normal window:  3:12AM UTC on Apr 23, 2023  3:22AM UTC on Apr 23, 2023
Request: PUT http://localhost:8080/cards/31 - Response status code: 200
Request: GET http://localhost:8080/cards/86 - Response status code: 200
Request: POST http://localhost:8080/cards/ - Response status code: 200
Request: DELETE http://localhost:8080/cards/23 - Response status code: 200
Request: PUT http://localhost:8080/cards/85 - Response status code: 200
Request: POST http://localhost:8080/cards/ - Response status code: 200
Request: DELETE http://localhost:8080/cards/57 - Response status code: 200
Request: DELETE http://localhost:8080/cards/49 - Response status code: 200
Request: DELETE http://localhost:8080/cards/14 - Response status code: 200
Request: GET http://localhost:8080/cards/ - Response status code: 200
Request: GET http://localhost:8080/cards/ - Response status code: 200
Request: GET http://localhost:8080/cards/24 - Response status code: 200
Request: DELETE http://localhost:8080/cards/91 - Response status code: 200
Request: PUT http://localhost:8080/cards/100 - Response status code: 200
Request: POST http://localhost:8080/cards/ - Response status code: 200
Request: DELETE http://localhost:8080/cards/57 - Response status code: 200
Request: GET http://localhost:8080/cards/37 - Response status code: 200
Request: PUT http://localhost:8080/cards/100 - Response status code: 200
Request: GET http://localhost:8080/cards/error?count=3&type=random - Response status code: 200
Request: DELETE http://localhost:8080/cards/56 - Response status code: 200
Request: DELETE http://localhost:8080/cards/7 - Response status code: 200
Request: DELETE http://localhost:8080/cards/89 - Response status code: 200
Request: PUT http://localhost:8080/cards/6 - Response status code: 200
Request: POST http://localhost:8080/cards/ - Response status code: 200
Request: PUT http://localhost:8080/cards/80 - Response status code: 200
Request: GET http://localhost:8080/cards/69 - Response status code: 200
Request: GET http://localhost:8080/cards/42 - Response status code: 200
Request: PUT http://localhost:8080/cards/52 - Response status code: 200
Request: GET http://localhost:8080/cards/ - Response status code: 200
Request: DELETE http://localhost:8080/cards/22 - Response status code: 200
Request: POST http://localhost:8080/cards/ - Response status code: 200
Request: GET http://localhost:8080/cards/7 - Response status code: 200
Request: GET http://localhost:8080/cards/86 - Response status code: 200
Request: GET http://localhost:8080/cards/error?count=4&type=random - Response status code: 200
Request: PUT http://localhost:8080/cards/15 - Response status code: 200
Request: POST http://localhost:8080/cards/ - Response status code: 200
Request: GET http://localhost:8080/cards/error?count=1&type=random - Response status code: 200
Request: GET http://localhost:8080/cards/43 - Response status code: 200
Request: PUT http://localhost:8080/cards/44 - Response status code: 200
Request: PUT http://localhost:8080/cards/18 - Response status code: 200
Request: GET http://localhost:8080/cards/ - Response status code: 200
Request: GET http://localhost:8080/cards/ - Response status code: 200
Request: GET http://localhost:8080/cards/error?count=2&type=random - Response status code: 200
Request: GET http://localhost:8080/cards/ - Response status code: 200
Request: GET http://localhost:8080/cards/40 - Response status code: 200
Request: DELETE http://localhost:8080/cards/71 - Response status code: 200
Request: PUT http://localhost:8080/cards/76 - Response status code: 200
Request: GET http://localhost:8080/cards/97 - Response status code: 200
Request: GET http://localhost:8080/cards/error?count=5&type=random - Response status code: 200
Request: POST http://localhost:8080/cards/ - Response status code: 200
Request: GET http://localhost:8080/cards/ - Response status code: 200
Request: POST http://localhost:8080/cards/ - Response status code: 200
Request: GET http://localhost:8080/cards/ - Response status code: 200
Request: POST http://localhost:8080/cards/ - Response status code: 200
Request: GET http://localhost:8080/cards/error?count=1&type=random - Response status code: 200
Request: GET http://localhost:8080/cards/92 - Response status code: 200
Request: DELETE http://localhost:8080/cards/16 - Response status code: 200
Request: GET http://localhost:8080/cards/ - Response status code: 200
Request: PUT http://localhost:8080/cards/70 - Response status code: 200
Request: PUT http://localhost:8080/cards/35 - Response status code: 200
Request: DELETE http://localhost:8080/cards/90 - Response status code: 200
Request: GET http://localhost:8080/cards/26 - Response status code: 200
Request: POST http://localhost:8080/cards/ - Response status code: 200
Request: GET http://localhost:8080/cards/error?count=2&type=random - Response status code: 200
Request: POST http://localhost:8080/cards/ - Response status code: 200
Request: GET http://localhost:8080/cards/ - Response status code: 200
Request: PUT http://localhost:8080/cards/13 - Response status code: 200
Request: GET http://localhost:8080/cards/68 - Response status code: 200
Request: GET http://localhost:8080/cards/error?count=1&type=random - Response status code: 200
Request: DELETE http://localhost:8080/cards/49 - Response status code: 200
Request: GET http://localhost:8080/cards/ - Response status code: 200
Request: GET http://localhost:8080/cards/69 - Response status code: 200
Request: DELETE http://localhost:8080/cards/68 - Response status code: 200
Request: GET http://localhost:8080/cards/ - Response status code: 200
Request: GET http://localhost:8080/cards/10 - Response status code: 200
Request: POST http://localhost:8080/cards/ - Response status code: 200
Request: GET http://localhost:8080/cards/ - Response status code: 200
Request: POST http://localhost:8080/cards/ - Response status code: 200
Request: GET http://localhost:8080/cards/ - Response status code: 200
Request: POST http://localhost:8080/cards/ - Response status code: 200
Request: GET http://localhost:8080/cards/ - Response status code: 200
Request: DELETE http://localhost:8080/cards/57 - Response status code: 200
Request: PUT http://localhost:8080/cards/63 - Response status code: 200
Request: GET http://localhost:8080/cards/34 - Response status code: 200
Request: GET http://localhost:8080/cards/ - Response status code: 200
Request: GET http://localhost:8080/cards/24 - Response status code: 200
Request: POST http://localhost:8080/cards/ - Response status code: 200
Request: GET http://localhost:8080/cards/56 - Response status code: 200
Request: GET http://localhost:8080/cards/15 - Response status code: 200
Request: GET http://localhost:8080/cards/ - Response status code: 200
Request: GET http://localhost:8080/cards/33 - Response status code: 200
Request: PUT http://localhost:8080/cards/24 - Response status code: 200
Request: PUT http://localhost:8080/cards/13 - Response status code: 200
Request: DELETE http://localhost:8080/cards/95 - Response status code: 200
Request: GET http://localhost:8080/cards/99 - Response status code: 200
Request: GET http://localhost:8080/cards/ - Response status code: 200
Request: GET http://localhost:8080/cards/ - Response status code: 200
Request: GET http://localhost:8080/cards/ - Response status code: 200
Request: GET http://localhost:8080/cards/72 - Response status code: 200
Request: DELETE http://localhost:8080/cards/7 - Response status code: 200
Request: GET http://localhost:8080/cards/ - Response status code: 200
Request: DELETE http://localhost:8080/cards/91 - Response status code: 200
Request: POST http://localhost:8080/cards/ - Response status code: 200
Request: POST http://localhost:8080/cards/ - Response status code: 200
Request: GET http://localhost:8080/cards/67 - Response status code: 200
Request: GET http://localhost:8080/cards/ - Response status code: 200
Request: GET http://localhost:8080/cards/error?count=3&type=random - Response status code: 200
Request: GET http://localhost:8080/cards/ - Response status code: 200
Request: GET http://localhost:8080/cards/ - Response status code: 200
Request: GET http://localhost:8080/cards/44 - Response status code: 200
Request: POST http://localhost:8080/cards/ - Response status code: 200
Request: GET http://localhost:8080/cards/ - Response status code: 200
Request: GET http://localhost:8080/cards/error?count=1&type=random - Response status code: 200
Request: GET http://localhost:8080/cards/ - Response status code: 200
Request: GET http://localhost:8080/cards/96 - Response status code: 200
Request: POST http://localhost:8080/cards/ - Response status code: 200
Request: POST http://localhost:8080/cards/ - Response status code: 200
Request: GET http://localhost:8080/cards/error?count=5&type=random - Response status code: 200
Request: POST http://localhost:8080/cards/ - Response status code: 200
Request: PUT http://localhost:8080/cards/7 - Response status code: 200
Request: DELETE http://localhost:8080/cards/90 - Response status code: 200
Request: GET http://localhost:8080/cards/error?count=1&type=random - Response status code: 200
Request: GET http://localhost:8080/cards/99 - Response status code: 200
Request: PUT http://localhost:8080/cards/50 - Response status code: 200
Request: GET http://localhost:8080/cards/error?count=1&type=random - Response status code: 200
Request: PUT http://localhost:8080/cards/71 - Response status code: 200
Request: GET http://localhost:8080/cards/ - Response status code: 200
Request: DELETE http://localhost:8080/cards/66 - Response status code: 200
Request: POST http://localhost:8080/cards/ - Response status code: 200
Request: POST http://localhost:8080/cards/ - Response status code: 200
Request: POST http://localhost:8080/cards/ - Response status code: 200
Request: GET http://localhost:8080/cards/ - Response status code: 200
Request: POST http://localhost:8080/cards/ - Response status code: 200
Request: PUT http://localhost:8080/cards/83 - Response status code: 200
Request: DELETE http://localhost:8080/cards/97 - Response status code: 200
Request: GET http://localhost:8080/cards/20 - Response status code: 200
Request: DELETE http://localhost:8080/cards/87 - Response status code: 200
Request: GET http://localhost:8080/cards/ - Response status code: 200
Request: POST http://localhost:8080/cards/ - Response status code: 200
Request: GET http://localhost:8080/cards/ - Response status code: 200
Request: DELETE http://localhost:8080/cards/68 - Response status code: 200
Request: PUT http://localhost:8080/cards/96 - Response status code: 200
Request: GET http://localhost:8080/cards/64 - Response status code: 200
Request: PUT http://localhost:8080/cards/100 - Response status code: 200
Request: GET http://localhost:8080/cards/95 - Response status code: 200
Request: GET http://localhost:8080/cards/error?count=4&type=random - Response status code: 200
Request: GET http://localhost:8080/cards/ - Response status code: 200
Request: GET http://localhost:8080/cards/error?count=5&type=random - Response status code: 200
Request: PUT http://localhost:8080/cards/68 - Response status code: 200
Request: DELETE http://localhost:8080/cards/16 - Response status code: 200
Request: GET http://localhost:8080/cards/28 - Response status code: 200
Request: PUT http://localhost:8080/cards/67 - Response status code: 200
Request: DELETE http://localhost:8080/cards/95 - Response status code: 200
Request: GET http://localhost:8080/cards/85 - Response status code: 200
Request: POST http://localhost:8080/cards/ - Response status code: 200
Request: POST http://localhost:8080/cards/ - Response status code: 200
Request: PUT http://localhost:8080/cards/80 - Response status code: 200
Request: GET http://localhost:8080/cards/ - Response status code: 200
Request: DELETE http://localhost:8080/cards/20 - Response status code: 200
Request: PUT http://localhost:8080/cards/75 - Response status code: 200
Request: DELETE http://localhost:8080/cards/10 - Response status code: 200
Request: GET http://localhost:8080/cards/ - Response status code: 200
Request: PUT http://localhost:8080/cards/43 - Response status code: 200
Request: POST http://localhost:8080/cards/ - Response status code: 200
Request: DELETE http://localhost:8080/cards/64 - Response status code: 200
Request: POST http://localhost:8080/cards/ - Response status code: 200
Request: GET http://localhost:8080/cards/error?count=1&type=random - Response status code: 200
Request: GET http://localhost:8080/cards/ - Response status code: 200
Request: POST http://localhost:8080/cards/ - Response status code: 200
Request: DELETE http://localhost:8080/cards/54 - Response status code: 200
Request: GET http://localhost:8080/cards/ - Response status code: 200
Request: GET http://localhost:8080/cards/47 - Response status code: 200
Request: POST http://localhost:8080/cards/ - Response status code: 200
Request: POST http://localhost:8080/cards/ - Response status code: 200
Request: GET http://localhost:8080/cards/error?count=2&type=random - Response status code: 200
Request: GET http://localhost:8080/cards/ - Response status code: 200
Request: GET http://localhost:8080/cards/90 - Response status code: 200
Request: GET http://localhost:8080/cards/29 - Response status code: 200
Request: GET http://localhost:8080/cards/ - Response status code: 200
Request: GET http://localhost:8080/cards/3 - Response status code: 200
Request: GET http://localhost:8080/cards/ - Response status code: 200
Request: DELETE http://localhost:8080/cards/70 - Response status code: 200
Request: POST http://localhost:8080/cards/ - Response status code: 200
Request: POST http://localhost:8080/cards/ - Response status code: 200
Request: PUT http://localhost:8080/cards/14 - Response status code: 200
Request: GET http://localhost:8080/cards/ - Response status code: 200
Request: GET http://localhost:8080/cards/24 - Response status code: 200
Request: GET http://localhost:8080/cards/33 - Response status code: 200
Request: POST http://localhost:8080/cards/ - Response status code: 200
Request: PUT http://localhost:8080/cards/47 - Response status code: 200
Request: DELETE http://localhost:8080/cards/97 - Response status code: 200
Request: PUT http://localhost:8080/cards/100 - Response status code: 200
Request: DELETE http://localhost:8080/cards/62 - Response status code: 200
Request: GET http://localhost:8080/cards/89 - Response status code: 200
Request: GET http://localhost:8080/cards/21 - Response status code: 200
Request: GET http://localhost:8080/cards/ - Response status code: 200
Request: POST http://localhost:8080/cards/ - Response status code: 200
Request: DELETE http://localhost:8080/cards/67 - Response status code: 200
Request: GET http://localhost:8080/cards/ - Response status code: 200
Request: GET http://localhost:8080/cards/ - Response status code: 200
Request: GET http://localhost:8080/cards/17 - Response status code: 200
Request: PUT http://localhost:8080/cards/94 - Response status code: 200
Request: GET http://localhost:8080/cards/ - Response status code: 200
Request: GET http://localhost:8080/cards/error?count=5&type=random - Response status code: 200
Request: DELETE http://localhost:8080/cards/11 - Response status code: 200
Request: PUT http://localhost:8080/cards/5 - Response status code: 200
Request: GET http://localhost:8080/cards/ - Response status code: 200
Request: POST http://localhost:8080/cards/ - Response status code: 200
Request: DELETE http://localhost:8080/cards/74 - Response status code: 200
Request: DELETE http://localhost:8080/cards/68 - Response status code: 200
Request: GET http://localhost:8080/cards/ - Response status code: 200
Request: DELETE http://localhost:8080/cards/29 - Response status code: 200
Request: GET http://localhost:8080/cards/ - Response status code: 200
Request: GET http://localhost:8080/cards/ - Response status code: 200
Request: GET http://localhost:8080/cards/9 - Response status code: 200
Request: POST http://localhost:8080/cards/ - Response status code: 200
Request: PUT http://localhost:8080/cards/83 - Response status code: 200
Request: GET http://localhost:8080/cards/27 - Response status code: 200
Request: POST http://localhost:8080/cards/ - Response status code: 200
Request: GET http://localhost:8080/cards/error?count=2&type=random - Response status code: 200
Request: GET http://localhost:8080/cards/error?count=1&type=random - Response status code: 200
Request: POST http://localhost:8080/cards/ - Response status code: 200
Request: GET http://localhost:8080/cards/ - Response status code: 200
Request: POST http://localhost:8080/cards/ - Response status code: 200
Request: POST http://localhost:8080/cards/ - Response status code: 200
Request: GET http://localhost:8080/cards/error?count=2&type=random - Response status code: 200
Request: GET http://localhost:8080/cards/error?count=1&type=random - Response status code: 200
Request: POST http://localhost:8080/cards/ - Response status code: 200
Request: DELETE http://localhost:8080/cards/2 - Response status code: 200
Request: POST http://localhost:8080/cards/ - Response status code: 200
Request: GET http://localhost:8080/cards/81 - Response status code: 200
Request: POST http://localhost:8080/cards/ - Response status code: 200
Request: DELETE http://localhost:8080/cards/4 - Response status code: 200
Request: POST http://localhost:8080/cards/ - Response status code: 200
Request: GET http://localhost:8080/cards/90 - Response status code: 200
Request: POST http://localhost:8080/cards/ - Response status code: 200
Request: POST http://localhost:8080/cards/ - Response status code: 200
Request: GET http://localhost:8080/cards/82 - Response status code: 200
Request: GET http://localhost:8080/cards/ - Response status code: 200
Request: GET http://localhost:8080/cards/87 - Response status code: 200
Request: DELETE http://localhost:8080/cards/45 - Response status code: 200
Request: GET http://localhost:8080/cards/ - Response status code: 200
Request: DELETE http://localhost:8080/cards/35 - Response status code: 200
Request: DELETE http://localhost:8080/cards/77 - Response status code: 200
Request: GET http://localhost:8080/cards/ - Response status code: 200
Request: POST http://localhost:8080/cards/ - Response status code: 200
Request: DELETE http://localhost:8080/cards/47 - Response status code: 200
Request: GET http://localhost:8080/cards/error?count=2&type=random - Response status code: 200
Request: POST http://localhost:8080/cards/ - Response status code: 200
Request: PUT http://localhost:8080/cards/2 - Response status code: 200
Request: DELETE http://localhost:8080/cards/57 - Response status code: 200
Request: PUT http://localhost:8080/cards/53 - Response status code: 200
Request: GET http://localhost:8080/cards/76 - Response status code: 200
Request: PUT http://localhost:8080/cards/40 - Response status code: 200
Request: PUT http://localhost:8080/cards/21 - Response status code: 200
Request: DELETE http://localhost:8080/cards/56 - Response status code: 200
Request: GET http://localhost:8080/cards/ - Response status code: 200
Request: DELETE http://localhost:8080/cards/50 - Response status code: 200
Request: GET http://localhost:8080/cards/ - Response status code: 200
Request: GET http://localhost:8080/cards/error?count=4&type=random - Response status code: 200
Request: DELETE http://localhost:8080/cards/13 - Response status code: 200
Request: POST http://localhost:8080/cards/ - Response status code: 200
Request: GET http://localhost:8080/cards/error?count=4&type=random - Response status code: 200
Request: PUT http://localhost:8080/cards/100 - Response status code: 200
Request: POST http://localhost:8080/cards/ - Response status code: 200
Request: GET http://localhost:8080/cards/error?count=4&type=random - Response status code: 200
Request: DELETE http://localhost:8080/cards/23 - Response status code: 200
Request: GET http://localhost:8080/cards/ - Response status code: 200
Request: GET http://localhost:8080/cards/71 - Response status code: 200
Request: GET http://localhost:8080/cards/ - Response status code: 200
Request: POST http://localhost:8080/cards/ - Response status code: 200
Request: GET http://localhost:8080/cards/99 - Response status code: 200
Request: POST http://localhost:8080/cards/ - Response status code: 200
Request: PUT http://localhost:8080/cards/46 - Response status code: 200
Request: GET http://localhost:8080/cards/ - Response status code: 200
Request: POST http://localhost:8080/cards/ - Response status code: 200
Request: GET http://localhost:8080/cards/ - Response status code: 200
Request: PUT http://localhost:8080/cards/64 - Response status code: 200
Request: GET http://localhost:8080/cards/81 - Response status code: 200
Request: PUT http://localhost:8080/cards/85 - Response status code: 200
Request: GET http://localhost:8080/cards/95 - Response status code: 200
Request: POST http://localhost:8080/cards/ - Response status code: 200
Request: GET http://localhost:8080/cards/error?count=5&type=random - Response status code: 200
Request: PUT http://localhost:8080/cards/45 - Response status code: 200
Request: DELETE http://localhost:8080/cards/59 - Response status code: 200
Request: DELETE http://localhost:8080/cards/56 - Response status code: 200
Request: POST http://localhost:8080/cards/ - Response status code: 200
Request: POST http://localhost:8080/cards/ - Response status code: 200
Request: GET http://localhost:8080/cards/error?count=4&type=random - Response status code: 200
Request: POST http://localhost:8080/cards/ - Response status code: 200
Request: POST http://localhost:8080/cards/ - Response status code: 200
Request: POST http://localhost:8080/cards/ - Response status code: 200
Request: GET http://localhost:8080/cards/error?count=5&type=random - Response status code: 200
Request: GET http://localhost:8080/cards/10 - Response status code: 200
Request: POST http://localhost:8080/cards/ - Response status code: 200
Request: GET http://localhost:8080/cards/ - Response status code: 200
Request: POST http://localhost:8080/cards/ - Response status code: 200
Request: GET http://localhost:8080/cards/91 - Response status code: 200
Request: PUT http://localhost:8080/cards/8 - Response status code: 200
Request: GET http://localhost:8080/cards/ - Response status code: 200
Request: GET http://localhost:8080/cards/55 - Response status code: 200
Request: DELETE http://localhost:8080/cards/62 - Response status code: 200
Request: DELETE http://localhost:8080/cards/29 - Response status code: 200
Request: GET http://localhost:8080/cards/32 - Response status code: 200
Request: DELETE http://localhost:8080/cards/12 - Response status code: 200
Request: GET http://localhost:8080/cards/36 - Response status code: 200
Request: GET http://localhost:8080/cards/ - Response status code: 200
Request: DELETE http://localhost:8080/cards/84 - Response status code: 200
Request: DELETE http://localhost:8080/cards/6 - Response status code: 200
Request: DELETE http://localhost:8080/cards/73 - Response status code: 200
Request: DELETE http://localhost:8080/cards/88 - Response status code: 200
Request: POST http://localhost:8080/cards/ - Response status code: 200
Request: GET http://localhost:8080/cards/57 - Response status code: 200
Request: GET http://localhost:8080/cards/62 - Response status code: 200
Request: PUT http://localhost:8080/cards/57 - Response status code: 200
Request: GET http://localhost:8080/cards/20 - Response status code: 200
Request: PUT http://localhost:8080/cards/27 - Response status code: 200
Request: DELETE http://localhost:8080/cards/40 - Response status code: 200
Request: DELETE http://localhost:8080/cards/55 - Response status code: 200
Request: PUT http://localhost:8080/cards/79 - Response status code: 200
Request: PUT http://localhost:8080/cards/74 - Response status code: 200
Request: GET http://localhost:8080/cards/ - Response status code: 200
Request: GET http://localhost:8080/cards/ - Response status code: 200
Request: DELETE http://localhost:8080/cards/77 - Response status code: 200
Request: GET http://localhost:8080/cards/13 - Response status code: 200
Request: GET http://localhost:8080/cards/ - Response status code: 200
Request: PUT http://localhost:8080/cards/40 - Response status code: 200
Request: GET http://localhost:8080/cards/65 - Response status code: 200
Request: GET http://localhost:8080/cards/55 - Response status code: 200
Request: PUT http://localhost:8080/cards/50 - Response status code: 200
Request: DELETE http://localhost:8080/cards/46 - Response status code: 200
Request: GET http://localhost:8080/cards/ - Response status code: 200
Request: POST http://localhost:8080/cards/ - Response status code: 200
Request: DELETE http://localhost:8080/cards/81 - Response status code: 200
Request: PUT http://localhost:8080/cards/25 - Response status code: 200
Request: PUT http://localhost:8080/cards/95 - Response status code: 200
Request: PUT http://localhost:8080/cards/40 - Response status code: 200
Request: GET http://localhost:8080/cards/ - Response status code: 200
Request: GET http://localhost:8080/cards/ - Response status code: 200
Request: GET http://localhost:8080/cards/ - Response status code: 200
Request: DELETE http://localhost:8080/cards/30 - Response status code: 200
Request: PUT http://localhost:8080/cards/100 - Response status code: 200
Request: POST http://localhost:8080/cards/ - Response status code: 200
Request: GET http://localhost:8080/cards/96 - Response status code: 200
Request: GET http://localhost:8080/cards/error?count=3&type=random - Response status code: 200
Request: GET http://localhost:8080/cards/80 - Response status code: 200
Request: GET http://localhost:8080/cards/75 - Response status code: 200
Request: DELETE http://localhost:8080/cards/68 - Response status code: 200
Request: POST http://localhost:8080/cards/ - Response status code: 200
Request: GET http://localhost:8080/cards/ - Response status code: 200
Request: DELETE http://localhost:8080/cards/84 - Response status code: 200
Request: PUT http://localhost:8080/cards/71 - Response status code: 200
Request: GET http://localhost:8080/cards/ - Response status code: 200
Request: GET http://localhost:8080/cards/40 - Response status code: 200
Request: DELETE http://localhost:8080/cards/48 - Response status code: 200
Request: GET http://localhost:8080/cards/error?count=3&type=random - Response status code: 200
Request: GET http://localhost:8080/cards/error?count=2&type=random - Response status code: 200
Request: GET http://localhost:8080/cards/ - Response status code: 200
Request: POST http://localhost:8080/cards/ - Response status code: 200
Request: POST http://localhost:8080/cards/ - Response status code: 200
Request: DELETE http://localhost:8080/cards/6 - Response status code: 200
Request: GET http://localhost:8080/cards/6 - Response status code: 200
Request: DELETE http://localhost:8080/cards/78 - Response status code: 200
Request: GET http://localhost:8080/cards/46 - Response status code: 200
Request: DELETE http://localhost:8080/cards/17 - Response status code: 200
Request: POST http://localhost:8080/cards/ - Response status code: 200
Request: PUT http://localhost:8080/cards/64 - Response status code: 200
Request: GET http://localhost:8080/cards/43 - Response status code: 200
Request: GET http://localhost:8080/cards/ - Response status code: 200
Request: GET http://localhost:8080/cards/error?count=5&type=random - Response status code: 200
Request: DELETE http://localhost:8080/cards/24 - Response status code: 200
Request: POST http://localhost:8080/cards/ - Response status code: 200
Request: GET http://localhost:8080/cards/ - Response status code: 200
Request: DELETE http://localhost:8080/cards/40 - Response status code: 200
Request: POST http://localhost:8080/cards/ - Response status code: 200
Request: PUT http://localhost:8080/cards/22 - Response status code: 200
Request: PUT http://localhost:8080/cards/15 - Response status code: 200
Request: GET http://localhost:8080/cards/error?count=5&type=random - Response status code: 200
Request: PUT http://localhost:8080/cards/25 - Response status code: 200
Request: DELETE http://localhost:8080/cards/68 - Response status code: 200
Request: GET http://localhost:8080/cards/error?count=2&type=random - Response status code: 200
Request: POST http://localhost:8080/cards/ - Response status code: 200
Request: GET http://localhost:8080/cards/ - Response status code: 200
Request: GET http://localhost:8080/cards/42 - Response status code: 200
Request: GET http://localhost:8080/cards/10 - Response status code: 200
Request: POST http://localhost:8080/cards/ - Response status code: 200
Request: GET http://localhost:8080/cards/51 - Response status code: 200
Request: DELETE http://localhost:8080/cards/9 - Response status code: 200
Request: GET http://localhost:8080/cards/error?count=5&type=random - Response status code: 200
Request: DELETE http://localhost:8080/cards/62 - Response status code: 200
Request: GET http://localhost:8080/cards/ - Response status code: 200
Request: PUT http://localhost:8080/cards/16 - Response status code: 200
Request: DELETE http://localhost:8080/cards/5 - Response status code: 200
Request: GET http://localhost:8080/cards/36 - Response status code: 200
Request: PUT http://localhost:8080/cards/33 - Response status code: 200
Request: PUT http://localhost:8080/cards/26 - Response status code: 200
Request: DELETE http://localhost:8080/cards/8 - Response status code: 200
Request: PUT http://localhost:8080/cards/22 - Response status code: 200
Request: GET http://localhost:8080/cards/ - Response status code: 200
Request: PUT http://localhost:8080/cards/72 - Response status code: 200
Request: DELETE http://localhost:8080/cards/38 - Response status code: 200
Request: GET http://localhost:8080/cards/44 - Response status code: 200
Request: POST http://localhost:8080/cards/ - Response status code: 200
Request: GET http://localhost:8080/cards/24 - Response status code: 200
Request: GET http://localhost:8080/cards/75 - Response status code: 200
Request: GET http://localhost:8080/cards/10 - Response status code: 200
Request: PUT http://localhost:8080/cards/26 - Response status code: 200
Request: PUT http://localhost:8080/cards/44 - Response status code: 200
Request: GET http://localhost:8080/cards/error?count=2&type=random - Response status code: 200
Request: DELETE http://localhost:8080/cards/92 - Response status code: 200
Request: GET http://localhost:8080/cards/97 - Response status code: 200
Request: POST http://localhost:8080/cards/ - Response status code: 200
Request: POST http://localhost:8080/cards/ - Response status code: 200
Request: POST http://localhost:8080/cards/ - Response status code: 200
Request: GET http://localhost:8080/cards/ - Response status code: 200
Request: PUT http://localhost:8080/cards/20 - Response status code: 200
Request: GET http://localhost:8080/cards/51 - Response status code: 200
Request: POST http://localhost:8080/cards/ - Response status code: 200
Request: DELETE http://localhost:8080/cards/63 - Response status code: 200
Request: DELETE http://localhost:8080/cards/53 - Response status code: 200
Request: DELETE http://localhost:8080/cards/8 - Response status code: 200
Request: GET http://localhost:8080/cards/error?count=1&type=random - Response status code: 200
Request: POST http://localhost:8080/cards/ - Response status code: 200
Request: GET http://localhost:8080/cards/ - Response status code: 200
Request: GET http://localhost:8080/cards/error?count=5&type=random - Response status code: 200
Request: GET http://localhost:8080/cards/68 - Response status code: 200
Request: PUT http://localhost:8080/cards/98 - Response status code: 200
Request: PUT http://localhost:8080/cards/17 - Response status code: 200
Request: GET http://localhost:8080/cards/ - Response status code: 200
Request: PUT http://localhost:8080/cards/100 - Response status code: 200
Request: DELETE http://localhost:8080/cards/23 - Response status code: 200
Request: DELETE http://localhost:8080/cards/77 - Response status code: 200
Request: GET http://localhost:8080/cards/error?count=2&type=random - Response status code: 200
Request: DELETE http://localhost:8080/cards/46 - Response status code: 200
Request: DELETE http://localhost:8080/cards/65 - Response status code: 200
Request: GET http://localhost:8080/cards/5 - Response status code: 200
Request: GET http://localhost:8080/cards/error?count=5&type=random - Response status code: 200
Request: GET http://localhost:8080/cards/33 - Response status code: 200
Request: DELETE http://localhost:8080/cards/35 - Response status code: 200
Request: GET http://localhost:8080/cards/ - Response status code: 200
Request: DELETE http://localhost:8080/cards/94 - Response status code: 200
Request: POST http://localhost:8080/cards/ - Response status code: 200
Request: DELETE http://localhost:8080/cards/95 - Response status code: 200
Request: PUT http://localhost:8080/cards/99 - Response status code: 200
Request: PUT http://localhost:8080/cards/72 - Response status code: 200
Request: POST http://localhost:8080/cards/ - Response status code: 200
Request: PUT http://localhost:8080/cards/4 - Response status code: 200
Request: PUT http://localhost:8080/cards/38 - Response status code: 200
Request: GET http://localhost:8080/cards/80 - Response status code: 200
Request: GET http://localhost:8080/cards/77 - Response status code: 200
Request: PUT http://localhost:8080/cards/17 - Response status code: 200
Request: PUT http://localhost:8080/cards/68 - Response status code: 200
Request: DELETE http://localhost:8080/cards/9 - Response status code: 200
Request: GET http://localhost:8080/cards/23 - Response status code: 200
Request: POST http://localhost:8080/cards/ - Response status code: 200
Request: GET http://localhost:8080/cards/62 - Response status code: 200
Request: PUT http://localhost:8080/cards/52 - Response status code: 200
Request: GET http://localhost:8080/cards/11 - Response status code: 200
Request: GET http://localhost:8080/cards/86 - Response status code: 200
Request: POST http://localhost:8080/cards/ - Response status code: 200
Finished executing normal window for 10 minutes.
Normal window:  3:22AM UTC on Apr 23, 2023  3:32AM UTC on Apr 23, 2023
Request: PUT http://localhost:8080/cards/47 - Response status code: 200
Request: GET http://localhost:8080/cards/80 - Response status code: 200
Request: GET http://localhost:8080/cards/ - Response status code: 200
Request: DELETE http://localhost:8080/cards/41 - Response status code: 200
Request: GET http://localhost:8080/cards/error?count=5&type=random - Response status code: 200
Request: GET http://localhost:8080/cards/ - Response status code: 200
Request: POST http://localhost:8080/cards/ - Response status code: 200
Request: DELETE http://localhost:8080/cards/13 - Response status code: 200
Request: GET http://localhost:8080/cards/error?count=4&type=random - Response status code: 200
Request: PUT http://localhost:8080/cards/35 - Response status code: 200
Request: PUT http://localhost:8080/cards/35 - Response status code: 200
Request: GET http://localhost:8080/cards/ - Response status code: 200
Request: POST http://localhost:8080/cards/ - Response status code: 200
Request: GET http://localhost:8080/cards/12 - Response status code: 200
Request: GET http://localhost:8080/cards/28 - Response status code: 200
Request: GET http://localhost:8080/cards/ - Response status code: 200
Request: GET http://localhost:8080/cards/ - Response status code: 200
Request: PUT http://localhost:8080/cards/2 - Response status code: 200
Request: GET http://localhost:8080/cards/ - Response status code: 200
Request: DELETE http://localhost:8080/cards/60 - Response status code: 200
Request: DELETE http://localhost:8080/cards/50 - Response status code: 200
Request: GET http://localhost:8080/cards/error?count=4&type=random - Response status code: 200
Request: POST http://localhost:8080/cards/ - Response status code: 200
Request: PUT http://localhost:8080/cards/73 - Response status code: 200
Request: GET http://localhost:8080/cards/ - Response status code: 200
Request: GET http://localhost:8080/cards/ - Response status code: 200
Request: GET http://localhost:8080/cards/88 - Response status code: 200
Request: GET http://localhost:8080/cards/70 - Response status code: 200
Request: DELETE http://localhost:8080/cards/67 - Response status code: 200
Request: GET http://localhost:8080/cards/40 - Response status code: 200
Request: DELETE http://localhost:8080/cards/62 - Response status code: 200
Request: GET http://localhost:8080/cards/61 - Response status code: 200
Request: PUT http://localhost:8080/cards/71 - Response status code: 200
Request: PUT http://localhost:8080/cards/47 - Response status code: 200
Request: DELETE http://localhost:8080/cards/82 - Response status code: 200
Request: DELETE http://localhost:8080/cards/32 - Response status code: 200
Request: GET http://localhost:8080/cards/86 - Response status code: 200
Request: GET http://localhost:8080/cards/64 - Response status code: 200
Request: GET http://localhost:8080/cards/ - Response status code: 200
Request: PUT http://localhost:8080/cards/43 - Response status code: 200
Request: GET http://localhost:8080/cards/error?count=5&type=random - Response status code: 200
Request: POST http://localhost:8080/cards/ - Response status code: 200
Request: DELETE http://localhost:8080/cards/69 - Response status code: 200
Request: PUT http://localhost:8080/cards/25 - Response status code: 200
Request: GET http://localhost:8080/cards/ - Response status code: 200
Request: DELETE http://localhost:8080/cards/9 - Response status code: 200
Request: GET http://localhost:8080/cards/99 - Response status code: 200
Request: DELETE http://localhost:8080/cards/49 - Response status code: 200
Request: POST http://localhost:8080/cards/ - Response status code: 200
Request: POST http://localhost:8080/cards/ - Response status code: 200
Request: PUT http://localhost:8080/cards/92 - Response status code: 200
Request: PUT http://localhost:8080/cards/71 - Response status code: 200
Request: POST http://localhost:8080/cards/ - Response status code: 200
Request: DELETE http://localhost:8080/cards/56 - Response status code: 200
Request: GET http://localhost:8080/cards/ - Response status code: 200
Request: PUT http://localhost:8080/cards/2 - Response status code: 200
Request: DELETE http://localhost:8080/cards/29 - Response status code: 200
Request: POST http://localhost:8080/cards/ - Response status code: 200
Request: GET http://localhost:8080/cards/33 - Response status code: 200
Request: POST http://localhost:8080/cards/ - Response status code: 200
Request: GET http://localhost:8080/cards/ - Response status code: 200
Request: GET http://localhost:8080/cards/error?count=1&type=random - Response status code: 200
Request: DELETE http://localhost:8080/cards/39 - Response status code: 200
Request: DELETE http://localhost:8080/cards/21 - Response status code: 200
Request: GET http://localhost:8080/cards/82 - Response status code: 200
Request: POST http://localhost:8080/cards/ - Response status code: 200
Request: GET http://localhost:8080/cards/14 - Response status code: 200
Request: PUT http://localhost:8080/cards/46 - Response status code: 200
Request: GET http://localhost:8080/cards/ - Response status code: 200
Request: GET http://localhost:8080/cards/error?count=5&type=random - Response status code: 200
Request: GET http://localhost:8080/cards/error?count=3&type=random - Response status code: 200
Request: PUT http://localhost:8080/cards/9 - Response status code: 200
Request: GET http://localhost:8080/cards/error?count=5&type=random - Response status code: 200
Request: GET http://localhost:8080/cards/ - Response status code: 200
Request: GET http://localhost:8080/cards/45 - Response status code: 200
